# JRE version: OpenJDK Runtime Environment (11.0.8+10) (build 11.0.8+10-b944.6842174)
# Java VM: OpenJDK 64-Bit Server VM (11.0.8+10-b944.6842174, mixed mode, tiered, compressed oops, g1 gc, windows-amd64)
Heap:
 garbage-first heap   total 163840K, used 100934K [0x0000000080000000, 0x0000000100000000)
  region size 1024K, 27 young (27648K), 4 survivors (4096K)
 Metaspace       used 87637K, capacity 89741K, committed 90060K, reserved 1128448K
  class space    used 11223K, capacity 11945K, committed 12032K, reserved 1048576K
GC Heap History (20 events):
Event: 65.398 GC heap before
{Heap before GC invocations=13 (full 0):
 garbage-first heap   total 163840K, used 121830K [0x0000000080000000, 0x0000000100000000)
  region size 1024K, 82 young (83968K), 7 survivors (7168K)
 Metaspace       used 64662K, capacity 66143K, committed 66252K, reserved 1105920K
  class space    used 8406K, capacity 8944K, committed 8960K, reserved 1048576K
}
Event: 65.453 GC heap after
{Heap after GC invocations=14 (full 0):
 garbage-first heap   total 163840K, used 50512K [0x0000000080000000, 0x0000000100000000)
  region size 1024K, 7 young (7168K), 7 survivors (7168K)
 Metaspace       used 64662K, capacity 66143K, committed 66252K, reserved 1105920K
  class space    used 8406K, capacity 8944K, committed 8960K, reserved 1048576K
}
Event: 68.817 GC heap before
{Heap before GC invocations=14 (full 0):
 garbage-first heap   total 163840K, used 125264K [0x0000000080000000, 0x0000000100000000)
  region size 1024K, 80 young (81920K), 7 survivors (7168K)
 Metaspace       used 71021K, capacity 72657K, committed 72908K, reserved 1112064K
  class space    used 9315K, capacity 9858K, committed 9984K, reserved 1048576K
}
Event: 68.936 GC heap after
{Heap after GC invocations=15 (full 0):
 garbage-first heap   total 163840K, used 55714K [0x0000000080000000, 0x0000000100000000)
  region size 1024K, 6 young (6144K), 6 survivors (6144K)
 Metaspace       used 71021K, capacity 72657K, committed 72908K, reserved 1112064K
  class space    used 9315K, capacity 9858K, committed 9984K, reserved 1048576K
}
Event: 74.263 GC heap before
{Heap before GC invocations=15 (full 0):
 garbage-first heap   total 163840K, used 126370K [0x0000000080000000, 0x0000000100000000)
  region size 1024K, 76 young (77824K), 6 survivors (6144K)
 Metaspace       used 76328K, capacity 78194K, committed 78540K, reserved 1118208K
  class space    used 9969K, capacity 10643K, committed 10752K, reserved 1048576K
}
Event: 74.286 GC heap after
{Heap after GC invocations=16 (full 0):
 garbage-first heap   total 163840K, used 61440K [0x0000000080000000, 0x0000000100000000)
  region size 1024K, 10 young (10240K), 10 survivors (10240K)
 Metaspace       used 76328K, capacity 78194K, committed 78540K, reserved 1118208K
  class space    used 9969K, capacity 10643K, committed 10752K, reserved 1048576K
}
Event: 77.512 GC heap before
{Heap before GC invocations=16 (full 0):
 garbage-first heap   total 163840K, used 128000K [0x0000000080000000, 0x0000000100000000)
  region size 1024K, 76 young (77824K), 10 survivors (10240K)
 Metaspace       used 77023K, capacity 78847K, committed 79052K, reserved 1118208K
  class space    used 9984K, capacity 10652K, committed 10752K, reserved 1048576K
}
Event: 77.544 GC heap after
{Heap after GC invocations=17 (full 0):
 garbage-first heap   total 163840K, used 66435K [0x0000000080000000, 0x0000000100000000)
  region size 1024K, 5 young (5120K), 5 survivors (5120K)
 Metaspace       used 77023K, capacity 78847K, committed 79052K, reserved 1118208K
  class space    used 9984K, capacity 10652K, committed 10752K, reserved 1048576K
}
Event: 80.199 GC heap before
{Heap before GC invocations=17 (full 0):
 garbage-first heap   total 163840K, used 130947K [0x0000000080000000, 0x0000000100000000)
  region size 1024K, 59 young (60416K), 5 survivors (5120K)
 Metaspace       used 80558K, capacity 82527K, committed 82764K, reserved 1120256K
  class space    used 10420K, capacity 11113K, committed 11136K, reserved 1048576K
}
Event: 80.245 GC heap after
{Heap after GC invocations=18 (full 0):
 garbage-first heap   total 163840K, used 86814K [0x0000000080000000, 0x0000000100000000)
  region size 1024K, 9 young (9216K), 9 survivors (9216K)
 Metaspace       used 80558K, capacity 82527K, committed 82764K, reserved 1120256K
  class space    used 10420K, capacity 11113K, committed 11136K, reserved 1048576K
}
Event: 82.687 GC heap before
{Heap before GC invocations=19 (full 0):
 garbage-first heap   total 163840K, used 131870K [0x0000000080000000, 0x0000000100000000)
  region size 1024K, 48 young (49152K), 9 survivors (9216K)
 Metaspace       used 83467K, capacity 85454K, committed 85580K, reserved 1124352K
  class space    used 10709K, capacity 11384K, committed 11392K, reserved 1048576K
}
Event: 82.718 GC heap after
{Heap after GC invocations=20 (full 0):
 garbage-first heap   total 163840K, used 86151K [0x0000000080000000, 0x0000000100000000)
  region size 1024K, 3 young (3072K), 3 survivors (3072K)
 Metaspace       used 83467K, capacity 85454K, committed 85580K, reserved 1124352K
  class space    used 10709K, capacity 11384K, committed 11392K, reserved 1048576K
}
Event: 85.157 GC heap before
{Heap before GC invocations=20 (full 0):
 garbage-first heap   total 163840K, used 126087K [0x0000000080000000, 0x0000000100000000)
  region size 1024K, 43 young (44032K), 3 survivors (3072K)
 Metaspace       used 84073K, capacity 86020K, committed 86220K, reserved 1124352K
  class space    used 10774K, capacity 11429K, committed 11520K, reserved 1048576K
}
Event: 85.170 GC heap after
{Heap after GC invocations=21 (full 0):
 garbage-first heap   total 163840K, used 87884K [0x0000000080000000, 0x0000000100000000)
  region size 1024K, 5 young (5120K), 5 survivors (5120K)
 Metaspace       used 84073K, capacity 86020K, committed 86220K, reserved 1124352K
  class space    used 10774K, capacity 11429K, committed 11520K, reserved 1048576K
}
Event: 86.361 GC heap before
{Heap before GC invocations=22 (full 0):
 garbage-first heap   total 163840K, used 116556K [0x0000000080000000, 0x0000000100000000)
  region size 1024K, 45 young (46080K), 5 survivors (5120K)
 Metaspace       used 85927K, capacity 87830K, committed 88012K, reserved 1126400K
  class space    used 11032K, capacity 11691K, committed 11776K, reserved 1048576K
}
Event: 86.376 GC heap after
{Heap after GC invocations=23 (full 0):
 garbage-first heap   total 163840K, used 78095K [0x0000000080000000, 0x0000000100000000)
  region size 1024K, 4 young (4096K), 4 survivors (4096K)
 Metaspace       used 85927K, capacity 87830K, committed 88012K, reserved 1126400K
  class space    used 11032K, capacity 11691K, committed 11776K, reserved 1048576K
}
Event: 86.503 GC heap before
{Heap before GC invocations=23 (full 0):
 garbage-first heap   total 163840K, used 82191K [0x0000000080000000, 0x0000000100000000)
  region size 1024K, 8 young (8192K), 4 survivors (4096K)
 Metaspace       used 86128K, capacity 88083K, committed 88268K, reserved 1126400K
  class space    used 11061K, capacity 11733K, committed 11776K, reserved 1048576K
}
Event: 86.517 GC heap after
{Heap after GC invocations=24 (full 0):
 garbage-first heap   total 163840K, used 76490K [0x0000000080000000, 0x0000000100000000)
  region size 1024K, 1 young (1024K), 1 survivors (1024K)
 Metaspace       used 86128K, capacity 88083K, committed 88268K, reserved 1126400K
  class space    used 11061K, capacity 11733K, committed 11776K, reserved 1048576K
}
Event: 88.759 GC heap before
{Heap before GC invocations=24 (full 0):
 garbage-first heap   total 163840K, used 124618K [0x0000000080000000, 0x0000000100000000)
  region size 1024K, 49 young (50176K), 1 survivors (1024K)
 Metaspace       used 87463K, capacity 89523K, committed 89804K, reserved 1126400K
  class space    used 11205K, capacity 11938K, committed 12032K, reserved 1048576K
}
Event: 88.772 GC heap after
{Heap after GC invocations=25 (full 0):
 garbage-first heap   total 163840K, used 79430K [0x0000000080000000, 0x0000000100000000)
  region size 1024K, 4 young (4096K), 4 survivors (4096K)
 Metaspace       used 87463K, capacity 89523K, committed 89804K, reserved 1126400K
  class space    used 11205K, capacity 11938K, committed 12032K, reserved 1048576K
}

